<testsuites id="" name="" tests="8" failures="4" skipped="0" errors="0" time="211.332468">
<testsuite name="usability/spreadsheet-creation.e2e.test.js" timestamp="2025-10-15T03:33:04.269Z" hostname="chromium" tests="8" failures="4" skipped="0" time="202.117" errors="0">
<testcase name="Spreadsheet Creation › should load application homepage" classname="usability/spreadsheet-creation.e2e.test.js" time="4.498">
<system-out>
<![CDATA[
[90m[20:33:05.818][0m 🧪 [36mshould load application homepage[0m
[90m[20:33:05.834][0m   ⏱️ [90mStart:[0m 2025-10-15T03:33:05.837Z
[90m[20:33:05.838][0m   🔧 [34mSetup:[0m Waiting for page to load...
[90m[20:33:05.840][0m   🧭 [34mNavigate:[0m http://localhost:3005
[90m[20:33:07.588][0m   🔧 [34mSetup:[0m Waiting for React and application initialization...
[90m[20:33:09.599][0m   ✅ [32mLuckysheet detected on page[0m

[36m━━━━━━━━━━━━━━━━━━━━━━━━━━━━━━━━━━━━━━━━━━━━━━━━━━[0m
[90m[20:33:09.599][0m 📦 [1mTest Suite: Spreadsheet Creation[0m
[36m━━━━━━━━━━━━━━━━━━━━━━━━━━━━━━━━━━━━━━━━━━━━━━━━━━[0m
[90m[20:33:09.599][0m   ℹ️ [37mTesting application homepage load[0m
[90m[20:33:09.609][0m   📊 [36mResult:[0m Page title
[90m[20:33:09.609][0m     [2m"WalSheetz - Arctic Spreadsheets"[0m
[90m[20:33:09.614][0m   📊 [36mResult:[0m Current URL
[90m[20:33:09.615][0m     [2m"http://localhost:3005/"[0m

[90m[20:33:09.618][0m 📊 [37mSummary:[0m 0 passed, 0 failed, 0 total

[36m━━━━━━━━━━━━━━━━━━━━━━━━━━━━━━━━━━━━━━━━━━━━━━━━━━[0m
[90m[20:33:09.619][0m   ⏱️ [90mDuration:[0m 3.80s
[90m[20:33:09.619][0m ✅ [32mPASS[0m [90m(3.80s)[0m
[90m[20:33:09.619][0m  [37m [0m
]]>
</system-out>
</testcase>
<testcase name="Spreadsheet Creation › should display create document button" classname="usability/spreadsheet-creation.e2e.test.js" time="4.571">
<system-out>
<![CDATA[
[90m[20:33:09.974][0m 🧪 [36mshould display create document button[0m
[90m[20:33:09.974][0m   ⏱️ [90mStart:[0m 2025-10-15T03:33:09.974Z
[90m[20:33:09.974][0m   🔧 [34mSetup:[0m Waiting for page to load...
[90m[20:33:09.978][0m   🧭 [34mNavigate:[0m http://localhost:3005
[90m[20:33:12.045][0m   🔧 [34mSetup:[0m Waiting for React and application initialization...
[90m[20:33:14.067][0m   ✅ [32mLuckysheet detected on page[0m

[36m━━━━━━━━━━━━━━━━━━━━━━━━━━━━━━━━━━━━━━━━━━━━━━━━━━[0m
[90m[20:33:14.072][0m 📦 [1mTest Suite: Spreadsheet Creation[0m
[36m━━━━━━━━━━━━━━━━━━━━━━━━━━━━━━━━━━━━━━━━━━━━━━━━━━[0m
[90m[20:33:14.073][0m   ℹ️ [37mTesting create document button visibility[0m
[90m[20:33:14.156][0m   ✅ [32mCreate document button is visible[0m
[90m[20:33:14.164][0m     [32m✓[0m [32mCreate button is enabled[0m

[90m[20:33:14.165][0m 📊 [37mSummary:[0m 0 passed, 0 failed, 0 total

[36m━━━━━━━━━━━━━━━━━━━━━━━━━━━━━━━━━━━━━━━━━━━━━━━━━━[0m
[90m[20:33:14.166][0m   ⏱️ [90mDuration:[0m 4.19s
[90m[20:33:14.166][0m ✅ [32mPASS[0m [90m(4.19s)[0m
[90m[20:33:14.167][0m  [37m [0m
]]>
</system-out>
</testcase>
<testcase name="Spreadsheet Creation › should open create document modal" classname="usability/spreadsheet-creation.e2e.test.js" time="9.314">
<system-out>
<![CDATA[
[90m[20:33:14.572][0m 🧪 [36mshould open create document modal[0m
[90m[20:33:14.572][0m   ⏱️ [90mStart:[0m 2025-10-15T03:33:14.572Z
[90m[20:33:14.572][0m   🔧 [34mSetup:[0m Waiting for page to load...
[90m[20:33:14.573][0m   🧭 [34mNavigate:[0m http://localhost:3005
[90m[20:33:20.929][0m   🔧 [34mSetup:[0m Waiting for React and application initialization...
[90m[20:33:22.937][0m   ✅ [32mLuckysheet detected on page[0m

[36m━━━━━━━━━━━━━━━━━━━━━━━━━━━━━━━━━━━━━━━━━━━━━━━━━━[0m
[90m[20:33:22.938][0m 📦 [1mTest Suite: Spreadsheet Creation[0m
[36m━━━━━━━━━━━━━━━━━━━━━━━━━━━━━━━━━━━━━━━━━━━━━━━━━━[0m
[90m[20:33:22.938][0m   ℹ️ [37mTesting create document modal[0m
[90m[20:33:23.053][0m   🖱️ [35mAction:[0m Clicked create document button
[90m[20:33:23.559][0m   ✅ [32mCreate document modal opened[0m
[90m[20:33:23.563][0m   ✅ [32mDocument name input field is visible[0m

[90m[20:33:23.564][0m 📊 [37mSummary:[0m 0 passed, 0 failed, 0 total

[36m━━━━━━━━━━━━━━━━━━━━━━━━━━━━━━━━━━━━━━━━━━━━━━━━━━[0m
[90m[20:33:23.565][0m   ⏱️ [90mDuration:[0m 8.99s
[90m[20:33:23.565][0m ✅ [32mPASS[0m [90m(8.99s)[0m
[90m[20:33:23.565][0m  [37m [0m
]]>
</system-out>
</testcase>
<testcase name="Spreadsheet Creation › should create new spreadsheet with default name" classname="usability/spreadsheet-creation.e2e.test.js" time="45.184">
<failure message="spreadsheet-creation.e2e.test.js:67:3 should create new spreadsheet with default name" type="FAILURE">
<![CDATA[  [chromium] › usability/spreadsheet-creation.e2e.test.js:67:3 › Spreadsheet Creation › should create new spreadsheet with default name 

    TimeoutError: page.waitForSelector: Timeout 15000ms exceeded.
    Call log:
      - waiting for locator('#luckysheet-container canvas') to be visible


       at utils/SpreadsheetHelpers.js:63

      61 |   e2eLogger.setup('Waiting for Luckysheet to initialize...');
      62 |
    > 63 |   await page.waitForSelector('#luckysheet-container canvas', { timeout });
         |              ^
      64 |   await page.waitForTimeout(1000); // Additional wait for formula injection
      65 |
      66 |   e2eLogger.success('Luckysheet initialized');
        at Module.waitForLuckysheet (/Users/angel/Projects/test/walsheetz/tests/e2e/utils/SpreadsheetHelpers.js:63:14)
        at Object.waitForLuckysheet (/Users/angel/Projects/test/walsheetz/tests/e2e/fixtures/spreadsheet.js:88:41)
        at /Users/angel/Projects/test/walsheetz/tests/e2e/usability/spreadsheet-creation.e2e.test.js:94:23

    attachment #1: screenshot (image/png) ──────────────────────────────────────────────────────────
    test-results/usability-spreadsheet-crea-e0545-readsheet-with-default-name-chromium/test-failed-1.png
    ────────────────────────────────────────────────────────────────────────────────────────────────

    Error Context: test-results/usability-spreadsheet-crea-e0545-readsheet-with-default-name-chromium/error-context.md

    Retry #1 ───────────────────────────────────────────────────────────────────────────────────────

    TimeoutError: page.waitForSelector: Timeout 15000ms exceeded.
    Call log:
      - waiting for locator('#luckysheet-container canvas') to be visible


       at utils/SpreadsheetHelpers.js:63

      61 |   e2eLogger.setup('Waiting for Luckysheet to initialize...');
      62 |
    > 63 |   await page.waitForSelector('#luckysheet-container canvas', { timeout });
         |              ^
      64 |   await page.waitForTimeout(1000); // Additional wait for formula injection
      65 |
      66 |   e2eLogger.success('Luckysheet initialized');
        at Module.waitForLuckysheet (/Users/angel/Projects/test/walsheetz/tests/e2e/utils/SpreadsheetHelpers.js:63:14)
        at Object.waitForLuckysheet (/Users/angel/Projects/test/walsheetz/tests/e2e/fixtures/spreadsheet.js:88:41)
        at /Users/angel/Projects/test/walsheetz/tests/e2e/usability/spreadsheet-creation.e2e.test.js:94:23

    attachment #1: screenshot (image/png) ──────────────────────────────────────────────────────────
    test-results/usability-spreadsheet-crea-e0545-readsheet-with-default-name-chromium-retry1/test-failed-1.png
    ────────────────────────────────────────────────────────────────────────────────────────────────

    Error Context: test-results/usability-spreadsheet-crea-e0545-readsheet-with-default-name-chromium-retry1/error-context.md
]]>
</failure>
<system-out>
<![CDATA[
[90m[20:33:23.903][0m 🧪 [36mshould create new spreadsheet with default name[0m
[90m[20:33:23.903][0m   ⏱️ [90mStart:[0m 2025-10-15T03:33:23.903Z
[90m[20:33:23.903][0m   🔧 [34mSetup:[0m Waiting for page to load...
[90m[20:33:23.904][0m   🧭 [34mNavigate:[0m http://localhost:3005
[90m[20:33:25.473][0m   🔧 [34mSetup:[0m Waiting for React and application initialization...
[90m[20:33:27.479][0m   ✅ [32mLuckysheet detected on page[0m

[36m━━━━━━━━━━━━━━━━━━━━━━━━━━━━━━━━━━━━━━━━━━━━━━━━━━[0m
[90m[20:33:27.479][0m 📦 [1mTest Suite: Spreadsheet Creation[0m
[36m━━━━━━━━━━━━━━━━━━━━━━━━━━━━━━━━━━━━━━━━━━━━━━━━━━[0m
[90m[20:33:27.481][0m   ℹ️ [37mTesting spreadsheet creation with default name[0m
[90m[20:33:27.541][0m   🖱️ [35mAction:[0m Clicked create document button
[90m[20:33:28.056][0m   ⌨️ [35mAction:[0m Entered title: Test Sheet 1760499208043
[90m[20:33:28.132][0m   🖱️ [35mAction:[0m Clicked create spreadsheet button
[90m[20:33:31.134][0m   🔧 [34mSetup:[0m Waiting for Luckysheet to initialize...

[90m[20:33:46.400][0m 📊 [37mSummary:[0m 0 passed, 0 failed, 0 total

[36m━━━━━━━━━━━━━━━━━━━━━━━━━━━━━━━━━━━━━━━━━━━━━━━━━━[0m
[90m[20:33:46.401][0m   ⏱️ [90mDuration:[0m 22.50s
[90m[20:33:46.401][0m ✅ [32mPASS[0m [90m(22.50s)[0m
[90m[20:33:46.401][0m  [37m [0m

[[ATTACHMENT|../test-results/usability-spreadsheet-crea-e0545-readsheet-with-default-name-chromium/test-failed-1.png]]

[[ATTACHMENT|../test-results/usability-spreadsheet-crea-e0545-readsheet-with-default-name-chromium/error-context.md]]

[90m[20:33:47.271][0m 🧪 [36mshould create new spreadsheet with default name[0m
[90m[20:33:47.287][0m   ⏱️ [90mStart:[0m 2025-10-15T03:33:47.287Z
[90m[20:33:47.287][0m   🔧 [34mSetup:[0m Waiting for page to load...
[90m[20:33:47.290][0m   🧭 [34mNavigate:[0m http://localhost:3005
[90m[20:33:48.801][0m   🔧 [34mSetup:[0m Waiting for React and application initialization...
[90m[20:33:50.813][0m   ✅ [32mLuckysheet detected on page[0m

[36m━━━━━━━━━━━━━━━━━━━━━━━━━━━━━━━━━━━━━━━━━━━━━━━━━━[0m
[90m[20:33:50.814][0m 📦 [1mTest Suite: Spreadsheet Creation[0m
[36m━━━━━━━━━━━━━━━━━━━━━━━━━━━━━━━━━━━━━━━━━━━━━━━━━━[0m
[90m[20:33:50.815][0m   ℹ️ [37mTesting spreadsheet creation with default name[0m
[90m[20:33:50.931][0m   🖱️ [35mAction:[0m Clicked create document button
[90m[20:33:51.443][0m   ⌨️ [35mAction:[0m Entered title: Test Sheet 1760499231434
[90m[20:33:51.502][0m   🖱️ [35mAction:[0m Clicked create spreadsheet button
[90m[20:33:54.505][0m   🔧 [34mSetup:[0m Waiting for Luckysheet to initialize...

[90m[20:34:09.785][0m 📊 [37mSummary:[0m 0 passed, 0 failed, 0 total

[36m━━━━━━━━━━━━━━━━━━━━━━━━━━━━━━━━━━━━━━━━━━━━━━━━━━[0m
[90m[20:34:09.786][0m   ⏱️ [90mDuration:[0m 22.52s
[90m[20:34:09.786][0m ✅ [32mPASS[0m [90m(22.52s)[0m
[90m[20:34:09.786][0m  [37m [0m

[[ATTACHMENT|../test-results/usability-spreadsheet-crea-e0545-readsheet-with-default-name-chromium-retry1/test-failed-1.png]]

[[ATTACHMENT|../test-results/usability-spreadsheet-crea-e0545-readsheet-with-default-name-chromium-retry1/error-context.md]]
]]>
</system-out>
</testcase>
<testcase name="Spreadsheet Creation › should create spreadsheet with custom name" classname="usability/spreadsheet-creation.e2e.test.js" time="44.559">
<failure message="spreadsheet-creation.e2e.test.js:105:3 should create spreadsheet with custom name" type="FAILURE">
<![CDATA[  [chromium] › usability/spreadsheet-creation.e2e.test.js:105:3 › Spreadsheet Creation › should create spreadsheet with custom name 

    TimeoutError: page.waitForSelector: Timeout 15000ms exceeded.
    Call log:
      - waiting for locator('#luckysheet-container canvas') to be visible


       at utils/SpreadsheetHelpers.js:63

      61 |   e2eLogger.setup('Waiting for Luckysheet to initialize...');
      62 |
    > 63 |   await page.waitForSelector('#luckysheet-container canvas', { timeout });
         |              ^
      64 |   await page.waitForTimeout(1000); // Additional wait for formula injection
      65 |
      66 |   e2eLogger.success('Luckysheet initialized');
        at Module.waitForLuckysheet (/Users/angel/Projects/test/walsheetz/tests/e2e/utils/SpreadsheetHelpers.js:63:14)
        at Object.waitForLuckysheet (/Users/angel/Projects/test/walsheetz/tests/e2e/fixtures/spreadsheet.js:88:41)
        at /Users/angel/Projects/test/walsheetz/tests/e2e/usability/spreadsheet-creation.e2e.test.js:133:23

    attachment #1: screenshot (image/png) ──────────────────────────────────────────────────────────
    test-results/usability-spreadsheet-crea-31811-preadsheet-with-custom-name-chromium/test-failed-1.png
    ────────────────────────────────────────────────────────────────────────────────────────────────

    Error Context: test-results/usability-spreadsheet-crea-31811-preadsheet-with-custom-name-chromium/error-context.md

    Retry #1 ───────────────────────────────────────────────────────────────────────────────────────

    TimeoutError: page.waitForSelector: Timeout 15000ms exceeded.
    Call log:
      - waiting for locator('#luckysheet-container canvas') to be visible


       at utils/SpreadsheetHelpers.js:63

      61 |   e2eLogger.setup('Waiting for Luckysheet to initialize...');
      62 |
    > 63 |   await page.waitForSelector('#luckysheet-container canvas', { timeout });
         |              ^
      64 |   await page.waitForTimeout(1000); // Additional wait for formula injection
      65 |
      66 |   e2eLogger.success('Luckysheet initialized');
        at Module.waitForLuckysheet (/Users/angel/Projects/test/walsheetz/tests/e2e/utils/SpreadsheetHelpers.js:63:14)
        at Object.waitForLuckysheet (/Users/angel/Projects/test/walsheetz/tests/e2e/fixtures/spreadsheet.js:88:41)
        at /Users/angel/Projects/test/walsheetz/tests/e2e/usability/spreadsheet-creation.e2e.test.js:133:23

    attachment #1: screenshot (image/png) ──────────────────────────────────────────────────────────
    test-results/usability-spreadsheet-crea-31811-preadsheet-with-custom-name-chromium-retry1/test-failed-1.png
    ────────────────────────────────────────────────────────────────────────────────────────────────

    Error Context: test-results/usability-spreadsheet-crea-31811-preadsheet-with-custom-name-chromium-retry1/error-context.md
]]>
</failure>
<system-out>
<![CDATA[
[90m[20:34:10.817][0m 🧪 [36mshould create spreadsheet with custom name[0m
[90m[20:34:10.837][0m   ⏱️ [90mStart:[0m 2025-10-15T03:34:10.837Z
[90m[20:34:10.837][0m   🔧 [34mSetup:[0m Waiting for page to load...
[90m[20:34:10.840][0m   🧭 [34mNavigate:[0m http://localhost:3005
[90m[20:34:12.005][0m   🔧 [34mSetup:[0m Waiting for React and application initialization...
[90m[20:34:14.017][0m   ✅ [32mLuckysheet detected on page[0m

[36m━━━━━━━━━━━━━━━━━━━━━━━━━━━━━━━━━━━━━━━━━━━━━━━━━━[0m
[90m[20:34:14.017][0m 📦 [1mTest Suite: Spreadsheet Creation[0m
[36m━━━━━━━━━━━━━━━━━━━━━━━━━━━━━━━━━━━━━━━━━━━━━━━━━━[0m
[90m[20:34:14.018][0m   ℹ️ [37mTesting spreadsheet creation with custom name[0m
[90m[20:34:14.018][0m   [90mDEBUG:[0m Custom name
[90m[20:34:14.018][0m     [2m{
  "name": "Test Spreadsheet 1760499254018"
}[0m
[90m[20:34:14.648][0m   ⌨️ [35mAction:[0m Entered name: Test Spreadsheet 1760499254018
[90m[20:34:14.742][0m   🖱️ [35mAction:[0m Clicked create spreadsheet button
[90m[20:34:17.746][0m   🔧 [34mSetup:[0m Waiting for Luckysheet to initialize...

[90m[20:34:32.997][0m 📊 [37mSummary:[0m 0 passed, 0 failed, 0 total

[36m━━━━━━━━━━━━━━━━━━━━━━━━━━━━━━━━━━━━━━━━━━━━━━━━━━[0m
[90m[20:34:32.998][0m   ⏱️ [90mDuration:[0m 22.18s
[90m[20:34:32.998][0m ✅ [32mPASS[0m [90m(22.18s)[0m
[90m[20:34:32.998][0m  [37m [0m

[[ATTACHMENT|../test-results/usability-spreadsheet-crea-31811-preadsheet-with-custom-name-chromium/test-failed-1.png]]

[[ATTACHMENT|../test-results/usability-spreadsheet-crea-31811-preadsheet-with-custom-name-chromium/error-context.md]]

[90m[20:34:33.804][0m 🧪 [36mshould create spreadsheet with custom name[0m
[90m[20:34:33.822][0m   ⏱️ [90mStart:[0m 2025-10-15T03:34:33.822Z
[90m[20:34:33.823][0m   🔧 [34mSetup:[0m Waiting for page to load...
[90m[20:34:33.828][0m   🧭 [34mNavigate:[0m http://localhost:3005
[90m[20:34:35.028][0m   🔧 [34mSetup:[0m Waiting for React and application initialization...
[90m[20:34:37.034][0m   ✅ [32mLuckysheet detected on page[0m

[36m━━━━━━━━━━━━━━━━━━━━━━━━━━━━━━━━━━━━━━━━━━━━━━━━━━[0m
[90m[20:34:37.035][0m 📦 [1mTest Suite: Spreadsheet Creation[0m
[36m━━━━━━━━━━━━━━━━━━━━━━━━━━━━━━━━━━━━━━━━━━━━━━━━━━[0m
[90m[20:34:37.035][0m   ℹ️ [37mTesting spreadsheet creation with custom name[0m
[90m[20:34:37.036][0m   [90mDEBUG:[0m Custom name
[90m[20:34:37.036][0m     [2m{
  "name": "Test Spreadsheet 1760499277035"
}[0m
[90m[20:34:37.680][0m   ⌨️ [35mAction:[0m Entered name: Test Spreadsheet 1760499277035
[90m[20:34:37.769][0m   🖱️ [35mAction:[0m Clicked create spreadsheet button
[90m[20:34:40.771][0m   🔧 [34mSetup:[0m Waiting for Luckysheet to initialize...

[90m[20:34:55.996][0m 📊 [37mSummary:[0m 0 passed, 0 failed, 0 total

[36m━━━━━━━━━━━━━━━━━━━━━━━━━━━━━━━━━━━━━━━━━━━━━━━━━━[0m
[90m[20:34:55.997][0m   ⏱️ [90mDuration:[0m 22.19s
[90m[20:34:55.997][0m ✅ [32mPASS[0m [90m(22.19s)[0m
[90m[20:34:55.997][0m  [37m [0m

[[ATTACHMENT|../test-results/usability-spreadsheet-crea-31811-preadsheet-with-custom-name-chromium-retry1/test-failed-1.png]]

[[ATTACHMENT|../test-results/usability-spreadsheet-crea-31811-preadsheet-with-custom-name-chromium-retry1/error-context.md]]
]]>
</system-out>
</testcase>
<testcase name="Spreadsheet Creation › should initialize with empty cells" classname="usability/spreadsheet-creation.e2e.test.js" time="44.476">
<failure message="spreadsheet-creation.e2e.test.js:145:3 should initialize with empty cells" type="FAILURE">
<![CDATA[  [chromium] › usability/spreadsheet-creation.e2e.test.js:145:3 › Spreadsheet Creation › should initialize with empty cells 

    TimeoutError: page.waitForSelector: Timeout 15000ms exceeded.
    Call log:
      - waiting for locator('#luckysheet-container canvas') to be visible


       at utils/SpreadsheetHelpers.js:63

      61 |   e2eLogger.setup('Waiting for Luckysheet to initialize...');
      62 |
    > 63 |   await page.waitForSelector('#luckysheet-container canvas', { timeout });
         |              ^
      64 |   await page.waitForTimeout(1000); // Additional wait for formula injection
      65 |
      66 |   e2eLogger.success('Luckysheet initialized');
        at Module.waitForLuckysheet (/Users/angel/Projects/test/walsheetz/tests/e2e/utils/SpreadsheetHelpers.js:63:14)
        at Object.waitForLuckysheet (/Users/angel/Projects/test/walsheetz/tests/e2e/fixtures/spreadsheet.js:88:41)
        at /Users/angel/Projects/test/walsheetz/tests/e2e/usability/spreadsheet-creation.e2e.test.js:165:23

    attachment #1: screenshot (image/png) ──────────────────────────────────────────────────────────
    test-results/usability-spreadsheet-crea-fa507-initialize-with-empty-cells-chromium/test-failed-1.png
    ────────────────────────────────────────────────────────────────────────────────────────────────

    Error Context: test-results/usability-spreadsheet-crea-fa507-initialize-with-empty-cells-chromium/error-context.md

    Retry #1 ───────────────────────────────────────────────────────────────────────────────────────

    TimeoutError: page.waitForSelector: Timeout 15000ms exceeded.
    Call log:
      - waiting for locator('#luckysheet-container canvas') to be visible


       at utils/SpreadsheetHelpers.js:63

      61 |   e2eLogger.setup('Waiting for Luckysheet to initialize...');
      62 |
    > 63 |   await page.waitForSelector('#luckysheet-container canvas', { timeout });
         |              ^
      64 |   await page.waitForTimeout(1000); // Additional wait for formula injection
      65 |
      66 |   e2eLogger.success('Luckysheet initialized');
        at Module.waitForLuckysheet (/Users/angel/Projects/test/walsheetz/tests/e2e/utils/SpreadsheetHelpers.js:63:14)
        at Object.waitForLuckysheet (/Users/angel/Projects/test/walsheetz/tests/e2e/fixtures/spreadsheet.js:88:41)
        at /Users/angel/Projects/test/walsheetz/tests/e2e/usability/spreadsheet-creation.e2e.test.js:165:23

    attachment #1: screenshot (image/png) ──────────────────────────────────────────────────────────
    test-results/usability-spreadsheet-crea-fa507-initialize-with-empty-cells-chromium-retry1/test-failed-1.png
    ────────────────────────────────────────────────────────────────────────────────────────────────

    Error Context: test-results/usability-spreadsheet-crea-fa507-initialize-with-empty-cells-chromium-retry1/error-context.md
]]>
</failure>
<system-out>
<![CDATA[
[90m[20:34:56.760][0m 🧪 [36mshould initialize with empty cells[0m
[90m[20:34:56.782][0m   ⏱️ [90mStart:[0m 2025-10-15T03:34:56.782Z
[90m[20:34:56.782][0m   🔧 [34mSetup:[0m Waiting for page to load...
[90m[20:34:56.786][0m   🧭 [34mNavigate:[0m http://localhost:3005
[90m[20:34:57.978][0m   🔧 [34mSetup:[0m Waiting for React and application initialization...
[90m[20:34:59.987][0m   ✅ [32mLuckysheet detected on page[0m

[36m━━━━━━━━━━━━━━━━━━━━━━━━━━━━━━━━━━━━━━━━━━━━━━━━━━[0m
[90m[20:34:59.988][0m 📦 [1mTest Suite: Spreadsheet Creation[0m
[36m━━━━━━━━━━━━━━━━━━━━━━━━━━━━━━━━━━━━━━━━━━━━━━━━━━[0m
[90m[20:34:59.992][0m   ℹ️ [37mTesting initial cell state[0m
[90m[20:35:03.683][0m   🔧 [34mSetup:[0m Waiting for Luckysheet to initialize...

[90m[20:35:18.947][0m 📊 [37mSummary:[0m 0 passed, 0 failed, 0 total

[36m━━━━━━━━━━━━━━━━━━━━━━━━━━━━━━━━━━━━━━━━━━━━━━━━━━[0m
[90m[20:35:18.948][0m   ⏱️ [90mDuration:[0m 22.19s
[90m[20:35:18.948][0m ✅ [32mPASS[0m [90m(22.19s)[0m
[90m[20:35:18.948][0m  [37m [0m

[[ATTACHMENT|../test-results/usability-spreadsheet-crea-fa507-initialize-with-empty-cells-chromium/test-failed-1.png]]

[[ATTACHMENT|../test-results/usability-spreadsheet-crea-fa507-initialize-with-empty-cells-chromium/error-context.md]]

[90m[20:35:19.772][0m 🧪 [36mshould initialize with empty cells[0m
[90m[20:35:19.786][0m   ⏱️ [90mStart:[0m 2025-10-15T03:35:19.786Z
[90m[20:35:19.786][0m   🔧 [34mSetup:[0m Waiting for page to load...
[90m[20:35:19.789][0m   🧭 [34mNavigate:[0m http://localhost:3005
[90m[20:35:20.920][0m   🔧 [34mSetup:[0m Waiting for React and application initialization...
[90m[20:35:22.933][0m   ✅ [32mLuckysheet detected on page[0m

[36m━━━━━━━━━━━━━━━━━━━━━━━━━━━━━━━━━━━━━━━━━━━━━━━━━━[0m
[90m[20:35:22.933][0m 📦 [1mTest Suite: Spreadsheet Creation[0m
[36m━━━━━━━━━━━━━━━━━━━━━━━━━━━━━━━━━━━━━━━━━━━━━━━━━━[0m
[90m[20:35:22.934][0m   ℹ️ [37mTesting initial cell state[0m
[90m[20:35:26.606][0m   🔧 [34mSetup:[0m Waiting for Luckysheet to initialize...

[90m[20:35:41.845][0m 📊 [37mSummary:[0m 0 passed, 0 failed, 0 total

[36m━━━━━━━━━━━━━━━━━━━━━━━━━━━━━━━━━━━━━━━━━━━━━━━━━━[0m
[90m[20:35:41.846][0m   ⏱️ [90mDuration:[0m 22.07s
[90m[20:35:41.846][0m ✅ [32mPASS[0m [90m(22.07s)[0m
[90m[20:35:41.846][0m  [37m [0m

[[ATTACHMENT|../test-results/usability-spreadsheet-crea-fa507-initialize-with-empty-cells-chromium-retry1/test-failed-1.png]]

[[ATTACHMENT|../test-results/usability-spreadsheet-crea-fa507-initialize-with-empty-cells-chromium-retry1/error-context.md]]
]]>
</system-out>
</testcase>
<testcase name="Spreadsheet Creation › should have canvas elements rendered" classname="usability/spreadsheet-creation.e2e.test.js" time="44.774">
<failure message="spreadsheet-creation.e2e.test.js:187:3 should have canvas elements rendered" type="FAILURE">
<![CDATA[  [chromium] › usability/spreadsheet-creation.e2e.test.js:187:3 › Spreadsheet Creation › should have canvas elements rendered 

    TimeoutError: page.waitForSelector: Timeout 15000ms exceeded.
    Call log:
      - waiting for locator('#luckysheet-container canvas') to be visible


       at utils/SpreadsheetHelpers.js:63

      61 |   e2eLogger.setup('Waiting for Luckysheet to initialize...');
      62 |
    > 63 |   await page.waitForSelector('#luckysheet-container canvas', { timeout });
         |              ^
      64 |   await page.waitForTimeout(1000); // Additional wait for formula injection
      65 |
      66 |   e2eLogger.success('Luckysheet initialized');
        at Module.waitForLuckysheet (/Users/angel/Projects/test/walsheetz/tests/e2e/utils/SpreadsheetHelpers.js:63:14)
        at Object.waitForLuckysheet (/Users/angel/Projects/test/walsheetz/tests/e2e/fixtures/spreadsheet.js:88:41)
        at /Users/angel/Projects/test/walsheetz/tests/e2e/usability/spreadsheet-creation.e2e.test.js:207:23

    attachment #1: screenshot (image/png) ──────────────────────────────────────────────────────────
    test-results/usability-spreadsheet-crea-1d673-ve-canvas-elements-rendered-chromium/test-failed-1.png
    ────────────────────────────────────────────────────────────────────────────────────────────────

    Error Context: test-results/usability-spreadsheet-crea-1d673-ve-canvas-elements-rendered-chromium/error-context.md

    Retry #1 ───────────────────────────────────────────────────────────────────────────────────────

    TimeoutError: page.waitForSelector: Timeout 15000ms exceeded.
    Call log:
      - waiting for locator('#luckysheet-container canvas') to be visible


       at utils/SpreadsheetHelpers.js:63

      61 |   e2eLogger.setup('Waiting for Luckysheet to initialize...');
      62 |
    > 63 |   await page.waitForSelector('#luckysheet-container canvas', { timeout });
         |              ^
      64 |   await page.waitForTimeout(1000); // Additional wait for formula injection
      65 |
      66 |   e2eLogger.success('Luckysheet initialized');
        at Module.waitForLuckysheet (/Users/angel/Projects/test/walsheetz/tests/e2e/utils/SpreadsheetHelpers.js:63:14)
        at Object.waitForLuckysheet (/Users/angel/Projects/test/walsheetz/tests/e2e/fixtures/spreadsheet.js:88:41)
        at /Users/angel/Projects/test/walsheetz/tests/e2e/usability/spreadsheet-creation.e2e.test.js:207:23

    attachment #1: screenshot (image/png) ──────────────────────────────────────────────────────────
    test-results/usability-spreadsheet-crea-1d673-ve-canvas-elements-rendered-chromium-retry1/test-failed-1.png
    ────────────────────────────────────────────────────────────────────────────────────────────────

    Error Context: test-results/usability-spreadsheet-crea-1d673-ve-canvas-elements-rendered-chromium-retry1/error-context.md
]]>
</failure>
<system-out>
<![CDATA[
[90m[20:35:42.857][0m 🧪 [36mshould have canvas elements rendered[0m
[90m[20:35:42.888][0m   ⏱️ [90mStart:[0m 2025-10-15T03:35:42.889Z
[90m[20:35:42.889][0m   🔧 [34mSetup:[0m Waiting for page to load...
[90m[20:35:42.892][0m   🧭 [34mNavigate:[0m http://localhost:3005
[90m[20:35:44.075][0m   🔧 [34mSetup:[0m Waiting for React and application initialization...
[90m[20:35:46.084][0m   ✅ [32mLuckysheet detected on page[0m

[36m━━━━━━━━━━━━━━━━━━━━━━━━━━━━━━━━━━━━━━━━━━━━━━━━━━[0m
[90m[20:35:46.085][0m 📦 [1mTest Suite: Spreadsheet Creation[0m
[36m━━━━━━━━━━━━━━━━━━━━━━━━━━━━━━━━━━━━━━━━━━━━━━━━━━[0m
[90m[20:35:46.086][0m   ℹ️ [37mTesting canvas rendering[0m
[90m[20:35:49.805][0m   🔧 [34mSetup:[0m Waiting for Luckysheet to initialize...

[90m[20:36:05.047][0m 📊 [37mSummary:[0m 0 passed, 0 failed, 0 total

[36m━━━━━━━━━━━━━━━━━━━━━━━━━━━━━━━━━━━━━━━━━━━━━━━━━━[0m
[90m[20:36:05.048][0m   ⏱️ [90mDuration:[0m 22.19s
[90m[20:36:05.048][0m ✅ [32mPASS[0m [90m(22.19s)[0m
[90m[20:36:05.048][0m  [37m [0m

[[ATTACHMENT|../test-results/usability-spreadsheet-crea-1d673-ve-canvas-elements-rendered-chromium/test-failed-1.png]]

[[ATTACHMENT|../test-results/usability-spreadsheet-crea-1d673-ve-canvas-elements-rendered-chromium/error-context.md]]

[90m[20:36:05.826][0m 🧪 [36mshould have canvas elements rendered[0m
[90m[20:36:05.845][0m   ⏱️ [90mStart:[0m 2025-10-15T03:36:05.845Z
[90m[20:36:05.846][0m   🔧 [34mSetup:[0m Waiting for page to load...
[90m[20:36:05.849][0m   🧭 [34mNavigate:[0m http://localhost:3005
[90m[20:36:07.125][0m   🔧 [34mSetup:[0m Waiting for React and application initialization...
[90m[20:36:09.139][0m   ✅ [32mLuckysheet detected on page[0m

[36m━━━━━━━━━━━━━━━━━━━━━━━━━━━━━━━━━━━━━━━━━━━━━━━━━━[0m
[90m[20:36:09.139][0m 📦 [1mTest Suite: Spreadsheet Creation[0m
[36m━━━━━━━━━━━━━━━━━━━━━━━━━━━━━━━━━━━━━━━━━━━━━━━━━━[0m
[90m[20:36:09.141][0m   ℹ️ [37mTesting canvas rendering[0m
[90m[20:36:12.841][0m   🔧 [34mSetup:[0m Waiting for Luckysheet to initialize...

[90m[20:36:28.093][0m 📊 [37mSummary:[0m 0 passed, 0 failed, 0 total

[36m━━━━━━━━━━━━━━━━━━━━━━━━━━━━━━━━━━━━━━━━━━━━━━━━━━[0m
[90m[20:36:28.093][0m   ⏱️ [90mDuration:[0m 22.27s
[90m[20:36:28.093][0m ✅ [32mPASS[0m [90m(22.27s)[0m
[90m[20:36:28.094][0m  [37m [0m

[[ATTACHMENT|../test-results/usability-spreadsheet-crea-1d673-ve-canvas-elements-rendered-chromium-retry1/test-failed-1.png]]

[[ATTACHMENT|../test-results/usability-spreadsheet-crea-1d673-ve-canvas-elements-rendered-chromium-retry1/error-context.md]]
]]>
</system-out>
</testcase>
<testcase name="Spreadsheet Creation › should load with proper viewport" classname="usability/spreadsheet-creation.e2e.test.js" time="4.741">
<system-out>
<![CDATA[
[90m[20:36:28.939][0m 🧪 [36mshould load with proper viewport[0m
[90m[20:36:28.956][0m   ⏱️ [90mStart:[0m 2025-10-15T03:36:28.956Z
[90m[20:36:28.956][0m   🔧 [34mSetup:[0m Waiting for page to load...
[90m[20:36:28.959][0m   🧭 [34mNavigate:[0m http://localhost:3005
[90m[20:36:31.258][0m   🔧 [34mSetup:[0m Waiting for React and application initialization...
[90m[20:36:33.272][0m   ✅ [32mLuckysheet detected on page[0m

[36m━━━━━━━━━━━━━━━━━━━━━━━━━━━━━━━━━━━━━━━━━━━━━━━━━━[0m
[90m[20:36:33.274][0m 📦 [1mTest Suite: Spreadsheet Creation[0m
[36m━━━━━━━━━━━━━━━━━━━━━━━━━━━━━━━━━━━━━━━━━━━━━━━━━━[0m
[90m[20:36:33.274][0m   ℹ️ [37mTesting viewport configuration[0m
[90m[20:36:33.274][0m   📊 [36mResult:[0m Viewport size
[90m[20:36:33.275][0m     [2m{
  "width": 1280,
  "height": 720
}[0m
[90m[20:36:33.280][0m   ✅ [32mViewport configured correctly[0m

[90m[20:36:33.281][0m 📊 [37mSummary:[0m 0 passed, 0 failed, 0 total

[36m━━━━━━━━━━━━━━━━━━━━━━━━━━━━━━━━━━━━━━━━━━━━━━━━━━[0m
[90m[20:36:33.281][0m   ⏱️ [90mDuration:[0m 4.34s
[90m[20:36:33.281][0m ✅ [32mPASS[0m [90m(4.34s)[0m
[90m[20:36:33.281][0m  [37m [0m
]]>
</system-out>
</testcase>
</testsuite>
</testsuites>